<?xml version="1.0" encoding="UTF-8"?>
<robot generator="Robot 7.4.2 (Python 3.14.4 on win32)" generated="2026-04-22T10:05:33.303760" rpa="false" schemaversion="5">
<suite id="s1" name="Sportson tests" source="C:\Coding\Sportson_tests">
<suite id="s1-s1" name="Tests" source="C:\Coding\Sportson_tests\tests">
<suite id="s1-s1-s1" name="OpenSportsonView" source="C:\Coding\Sportson_tests\tests\OpenSportsonView.robot">
<kw name="Öppna hemsidan" owner="Frontend_Tester" type="SETUP">
<kw name="Set Selenium Speed" owner="SeleniumLibrary">
<arg>1</arg>
<doc>Sets the delay that is waited after each Selenium command.</doc>
<status status="PASS" start="2026-04-22T10:05:33.650201" elapsed="0.000322"/>
</kw>
<kw name="Open Browser" owner="SeleniumLibrary">
<msg time="2026-04-22T10:05:33.651044" level="INFO">Opening browser 'Chrome' to base url 'http://localhost:5173'.</msg>
<arg>${SportsonView}</arg>
<arg>${Browser}</arg>
<doc>Opens a new browser instance to the optional ``url``.</doc>
<status status="PASS" start="2026-04-22T10:05:33.650742" elapsed="2.383131"/>
</kw>
<kw name="Maximize Browser Window" owner="SeleniumLibrary">
<doc>Maximizes current browser window.</doc>
<status status="PASS" start="2026-04-22T10:05:36.034578" elapsed="1.041572"/>
</kw>
<status status="PASS" start="2026-04-22T10:05:33.649379" elapsed="3.427133"/>
</kw>
<test id="s1-s1-s1-t1" name="Test1 nyheter" line="6">
<kw name="Given the user sees a short description of a news item" owner="Frontend_Tester">
<kw name="Click Element" owner="SeleniumLibrary">
<msg time="2026-04-22T10:05:37.092341" level="INFO">Clicking element '//*[@id="root"]/header/nav/a[2]'.</msg>
<arg>//*[@id="root"]/header/nav/a[2]</arg>
<doc>Click the element identified by ``locator``.</doc>
<status status="PASS" start="2026-04-22T10:05:37.087391" elapsed="2.859693"/>
</kw>
<kw name="Element Should Be Visible" owner="SeleniumLibrary">
<msg time="2026-04-22T10:05:43.485320" level="INFO">Element '//*[@id="root"]/main/h1' is displayed.</msg>
<arg>//*[@id="root"]/main/h1</arg>
<doc>Verifies that the element identified by ``locator`` is visible.</doc>
<status status="PASS" start="2026-04-22T10:05:39.947641" elapsed="3.538014"/>
</kw>
<status status="PASS" start="2026-04-22T10:05:37.081287" elapsed="6.404701"/>
</kw>
<kw name="When the user clicks on the new item" owner="Frontend_Tester">
<kw name="Click Element" owner="SeleniumLibrary">
<msg time="2026-04-22T10:05:43.494007" level="INFO">Clicking element '//*[@id="root"]/main/div/section/section[2]/article[2]'.</msg>
<arg>//*[@id="root"]/main/div/section/section[2]/article[2]</arg>
<doc>Click the element identified by ``locator``.</doc>
<status status="PASS" start="2026-04-22T10:05:43.492760" elapsed="2.210135"/>
</kw>
<status status="PASS" start="2026-04-22T10:05:43.489679" elapsed="2.213888"/>
</kw>
<kw name="Then the user should see a detailed view appear in a modal" owner="Frontend_Tester">
<kw name="Element Should Be Visible" owner="SeleniumLibrary">
<msg time="2026-04-22T10:05:47.847506" level="INFO">Element '//*[@id="root"]/main/div[2]/article/button' is displayed.</msg>
<arg>//*[@id="root"]/main/div[2]/article/button</arg>
<doc>Verifies that the element identified by ``locator`` is visible.</doc>
<status status="PASS" start="2026-04-22T10:05:45.713123" elapsed="2.134650"/>
</kw>
<status status="PASS" start="2026-04-22T10:05:45.710911" elapsed="2.137080"/>
</kw>
<status status="PASS" start="2026-04-22T10:05:37.076753" elapsed="10.772136"/>
</test>
<status status="PASS" start="2026-04-22T10:05:33.370944" elapsed="14.480690"/>
</suite>
<status status="PASS" start="2026-04-22T10:05:33.369129" elapsed="14.485555"/>
</suite>
<status status="PASS" start="2026-04-22T10:05:33.308182" elapsed="14.549344"/>
</suite>
<statistics>
<total>
<stat pass="1" fail="0" skip="0">All Tests</stat>
</total>
<tag>
</tag>
<suite>
<stat name="Sportson tests" id="s1" pass="1" fail="0" skip="0">Sportson tests</stat>
<stat name="Tests" id="s1-s1" pass="1" fail="0" skip="0">Sportson tests.Tests</stat>
<stat name="OpenSportsonView" id="s1-s1-s1" pass="1" fail="0" skip="0">Sportson tests.Tests.OpenSportsonView</stat>
</suite>
</statistics>
<errors>
</errors>
</robot>
