<?xml version="1.0" encoding="UTF-8"?>
<robot generator="Robot 7.4.2 (Python 3.14.4 on win32)" generated="2026-04-22T11:14:25.572395" rpa="false" schemaversion="5">
<suite id="s1" name="Sportson tests" source="C:\Coding\Sportson_tests">
<suite id="s1-s1" name="Tests" source="C:\Coding\Sportson_tests\tests">
<suite id="s1-s1-s1" name="Detailed News View" source="C:\Coding\Sportson_tests\tests\Detailed_News_View.robot">
<kw name="Öppna hemsidan" owner="Frontend_Tester" type="SETUP">
<kw name="Set Selenium Speed" owner="SeleniumLibrary">
<arg>1</arg>
<doc>Sets the delay that is waited after each Selenium command.</doc>
<status status="PASS" start="2026-04-22T11:14:26.035964" elapsed="0.000353"/>
</kw>
<kw name="Open Browser" owner="SeleniumLibrary">
<msg time="2026-04-22T11:14:26.037155" level="INFO">Opening browser 'Chrome' to base url 'http://localhost:5173'.</msg>
<arg>${SportsonView}</arg>
<arg>${Browser}</arg>
<doc>Opens a new browser instance to the optional ``url``.</doc>
<status status="PASS" start="2026-04-22T11:14:26.036645" elapsed="2.980091"/>
</kw>
<kw name="Maximize Browser Window" owner="SeleniumLibrary">
<doc>Maximizes current browser window.</doc>
<status status="PASS" start="2026-04-22T11:14:29.017505" elapsed="1.063515"/>
</kw>
<status status="PASS" start="2026-04-22T11:14:26.035023" elapsed="4.046287"/>
</kw>
<test id="s1-s1-s1-t1" name="TC09_Detailed news item view" line="6">
<kw name="Given the user sees a short description of a news item" owner="Frontend_Tester">
<kw name="Click Element" owner="SeleniumLibrary">
<msg time="2026-04-22T11:14:30.088511" level="INFO">Clicking element '//*[@id="root"]/header/nav/a[2]'.</msg>
<msg time="2026-04-22T11:14:31.337706" level="WARN">Keyword 'Capture Page Screenshot' could not be run on failure: Message: invalid session id; For documentation on this error, please visit: https://www.selenium.dev/documentation/webdriver/troubleshooting/errors#invalidsessionidexception
Stacktrace:
	chromedriver!GetHandleVerifier [0x7ff6b9b80245+146d5]
	chromedriver!GetHandleVerifier [0x7ff6b9b802b0+14740]
	chromedriver!(No symbol) [0x7ff6b98ed5b6]
	chromedriver!(No symbol) [0x7ff6b9938093]
	chromedriver!(No symbol) [0x7ff6b996fe72]
	chromedriver!(No symbol) [0x7ff6b996a0d1]
	chromedriver!(No symbol) [0x7ff6b9969383]
	chromedriver!(No symbol) [0x7ff6b98b60b5]
	chromedriver!GetHandleVerifier [0x7ff6b9e958f9+329d89]
	chromedriver!GetHandleVerifier [0x7ff6b9e8fe46+3242d6]
	chromedriver!GetHandleVerifier [0x7ff6b9eb30b2+347542]
	chromedriver!GetHandleVerifier [0x7ff6b9b9d3d5+31865]
	chromedriver!GetHandleVerifier [0x7ff6b9ba600c+3a49c]
	chromedriver!(No symbol) [0x7ff6b98b4e4a]
	chromedriver!GetHandleVerifier [0x7ff6b9ff20c8+486558]
	KERNEL32!BaseThreadInitThunk [0x7ffa4c3be8d7+17]
	ntdll!RtlUserThreadStart [0x7ffa4d38c48c+2c]
</msg>
<msg time="2026-04-22T11:14:31.339104" level="FAIL">InvalidSessionIdException: Message: invalid session id: session deleted as the browser has closed the connection
from disconnected: not connected to DevTools
  (Session info: chrome=147.0.7727.56); For documentation on this error, please visit: https://www.selenium.dev/documentation/webdriver/troubleshooting/errors#invalidsessionidexception
Stacktrace:
	chromedriver!GetHandleVerifier [0x7ff6b9b80245+146d5]
	chromedriver!GetHandleVerifier [0x7ff6b9b802b0+14740]
	chromedriver!(No symbol) [0x7ff6b98ed7cd]
	chromedriver!(No symbol) [0x7ff6b98d8842]
	chromedriver!(No symbol) [0x7ff6b98ff0b1]
	chromedriver!(No symbol) [0x7ff6b99770b0]
	chromedriver!(No symbol) [0x7ff6b99940e2]
	chromedriver!(No symbol) [0x7ff6b9939018]
	chromedriver!(No symbol) [0x7ff6b9939f03]
	chromedriver!GetHandleVerifier [0x7ff6b9e958f9+329d89]
	chromedriver!GetHandleVerifier [0x7ff6b9e8fe46+3242d6]
	chromedriver!GetHandleVerifier [0x7ff6b9eb30b2+347542]
	chromedriver!GetHandleVerifier [0x7ff6b9b9d3d5+31865]
	chromedriver!GetHandleVerifier [0x7ff6b9ba600c+3a49c]
	chromedriver!GetHandleVerifier [0x7ff6b9b89634+1dac4]
	chromedriver!GetHandleVerifier [0x7ff6b9b897e6+1dc76]
	chromedriver!GetHandleVerifier [0x7ff6b9b6e2f7+2787]
	KERNEL32!BaseThreadInitThunk [0x7ffa4c3be8d7+17]
	ntdll!RtlUserThreadStart [0x7ffa4d38c48c+2c]
</msg>
<arg>//*[@id="root"]/header/nav/a[2]</arg>
<doc>Click the element identified by ``locator``.</doc>
<status status="FAIL" start="2026-04-22T11:14:30.087212" elapsed="1.301499">InvalidSessionIdException: Message: invalid session id: session deleted as the browser has closed the connection
from disconnected: not connected to DevTools
  (Session info: chrome=147.0.7727.56); For documentation on this error, please visit: https://www.selenium.dev/documentation/webdriver/troubleshooting/errors#invalidsessionidexception
Stacktrace:
	chromedriver!GetHandleVerifier [0x7ff6b9b80245+146d5]
	chromedriver!GetHandleVerifier [0x7ff6b9b802b0+14740]
	chromedriver!(No symbol) [0x7ff6b98ed7cd]
	chromedriver!(No symbol) [0x7ff6b98d8842]
	chromedriver!(No symbol) [0x7ff6b98ff0b1]
	chromedriver!(No symbol) [0x7ff6b99770b0]
	chromedriver!(No symbol) [0x7ff6b99940e2]
	chromedriver!(No symbol) [0x7ff6b9939018]
	chromedriver!(No symbol) [0x7ff6b9939f03]
	chromedriver!GetHandleVerifier [0x7ff6b9e958f9+329d89]
	chromedriver!GetHandleVerifier [0x7ff6b9e8fe46+3242d6]
	chromedriver!GetHandleVerifier [0x7ff6b9eb30b2+347542]
	chromedriver!GetHandleVerifier [0x7ff6b9b9d3d5+31865]
	chromedriver!GetHandleVerifier [0x7ff6b9ba600c+3a49c]
	chromedriver!GetHandleVerifier [0x7ff6b9b89634+1dac4]
	chromedriver!GetHandleVerifier [0x7ff6b9b897e6+1dc76]
	chromedriver!GetHandleVerifier [0x7ff6b9b6e2f7+2787]
	KERNEL32!BaseThreadInitThunk [0x7ffa4c3be8d7+17]
	ntdll!RtlUserThreadStart [0x7ffa4d38c48c+2c]
</status>
</kw>
<kw name="Element Should Be Visible" owner="SeleniumLibrary">
<arg>//*[@id="root"]/main/h1</arg>
<doc>Verifies that the element identified by ``locator`` is visible.</doc>
<status status="NOT RUN" start="2026-04-22T11:14:31.389014" elapsed="0.000059"/>
</kw>
<status status="FAIL" start="2026-04-22T11:14:30.086041" elapsed="1.303406">InvalidSessionIdException: Message: invalid session id: session deleted as the browser has closed the connection
from disconnected: not connected to DevTools
  (Session info: chrome=147.0.7727.56); For documentation on this error, please visit: https://www.selenium.dev/documentation/webdriver/troubleshooting/errors#invalidsessionidexception
Stacktrace:
	chromedriver!GetHandleVerifier [0x7ff6b9b80245+146d5]
	chromedriver!GetHandleVerifier [0x7ff6b9b802b0+14740]
	chromedriver!(No symbol) [0x7ff6b98ed7cd]
	chromedriver!(No symbol) [0x7ff6b98d8842]
	chromedriver!(No symbol) [0x7ff6b98ff0b1]
	chromedriver!(No symbol) [0x7ff6b99770b0]
	chromedriver!(No symbol) [0x7ff6b99940e2]
	chromedriver!(No symbol) [0x7ff6b9939018]
	chromedriver!(No symbol) [0x7ff6b9939f03]
	chromedriver!GetHandleVerifier [0x7ff6b9e958f9+329d89]
	chromedriver!GetHandleVerifier [0x7ff6b9e8fe46+3242d6]
	chromedriver!GetHandleVerifier [0x7ff6b9eb30b2+347542]
	chromedriver!GetHandleVerifier [0x7ff6b9b9d3d5+31865]
	chromedriver!GetHandleVerifier [0x7ff6b9ba600c+3a49c]
	chromedriver!GetHandleVerifier [0x7ff6b9b89634+1dac4]
	chromedriver!GetHandleVerifier [0x7ff6b9b897e6+1dc76]
	chromedriver!GetHandleVerifier [0x7ff6b9b6e2f7+2787]
	KERNEL32!BaseThreadInitThunk [0x7ffa4c3be8d7+17]
	ntdll!RtlUserThreadStart [0x7ffa4d38c48c+2c]
</status>
</kw>
<kw name="When the user clicks on the news item" owner="Frontend_Tester">
<status status="NOT RUN" start="2026-04-22T11:14:31.391033" elapsed="0.000062"/>
</kw>
<kw name="Then the user should see a detailed view appear in a modal" owner="Frontend_Tester">
<status status="NOT RUN" start="2026-04-22T11:14:31.391945" elapsed="0.000067"/>
</kw>
<status status="FAIL" start="2026-04-22T11:14:30.081527" elapsed="1.311121">InvalidSessionIdException: Message: invalid session id: session deleted as the browser has closed the connection
from disconnected: not connected to DevTools
  (Session info: chrome=147.0.7727.56); For documentation on this error, please visit: https://www.selenium.dev/documentation/webdriver/troubleshooting/errors#invalidsessionidexception
Stacktrace:
	chromedriver!GetHandleVerifier [0x7ff6b9b80245+146d5]
	chromedriver!GetHandleVerifier [0x7ff6b9b802b0+14740]
	chromedriver!(No symbol) [0x7ff6b98ed7cd]
	chromedriver!(No symbol) [0x7ff6b98d8842]
	chromedriver!(No symbol) [0x7ff6b98ff0b1]
	chromedriver!(No symbol) [0x7ff6b99770b0]
	chromedriver!(No symbol) [0x7ff6b99940e2]
	chromedriver!(No symbol) [0x7ff6b9939018]
	chromedriver!(No symbol) [0x7ff6b9939f03]
	chromedriver!GetHandleVerifier [0x7ff6b9e958f9+329d89]
	chromedriver!GetHandleVerifier [0x7ff6b9e8fe46+3242d6]
	chromedriver!GetHandleVerifier [0x7ff6b9eb30b2+347542]
	chromedriver!GetHandleVerifier [0x7ff6b9b9d3d5+31865]
	chromedriver!GetHandleVerifier [0x7ff6b9ba600c+3a49c]
	chromedriver!GetHandleVerifier [0x7ff6b9b89634+1dac4]
	chromedriver!GetHandleVerifier [0x7ff6b9b897e6+1dc76]
	chromedriver!GetHandleVerifier [0x7ff6b9b6e2f7+2787]
	KERNEL32!BaseThreadInitThunk [0x7ffa4c3be8d7+17]
	ntdll!RtlUserThreadStart [0x7ffa4d38c48c+2c]
</status>
</test>
<status status="FAIL" start="2026-04-22T11:14:25.680346" elapsed="5.714077"/>
</suite>
<status status="FAIL" start="2026-04-22T11:14:25.677216" elapsed="5.718729"/>
</suite>
<status status="FAIL" start="2026-04-22T11:14:25.575700" elapsed="5.822432"/>
</suite>
<statistics>
<total>
<stat pass="0" fail="1" skip="0">All Tests</stat>
</total>
<tag>
</tag>
<suite>
<stat name="Sportson tests" id="s1" pass="0" fail="1" skip="0">Sportson tests</stat>
<stat name="Tests" id="s1-s1" pass="0" fail="1" skip="0">Sportson tests.Tests</stat>
<stat name="Detailed News View" id="s1-s1-s1" pass="0" fail="1" skip="0">Sportson tests.Tests.Detailed News View</stat>
</suite>
</statistics>
<errors>
<msg time="2026-04-22T11:14:31.337706" level="WARN">Keyword 'Capture Page Screenshot' could not be run on failure: Message: invalid session id; For documentation on this error, please visit: https://www.selenium.dev/documentation/webdriver/troubleshooting/errors#invalidsessionidexception
Stacktrace:
	chromedriver!GetHandleVerifier [0x7ff6b9b80245+146d5]
	chromedriver!GetHandleVerifier [0x7ff6b9b802b0+14740]
	chromedriver!(No symbol) [0x7ff6b98ed5b6]
	chromedriver!(No symbol) [0x7ff6b9938093]
	chromedriver!(No symbol) [0x7ff6b996fe72]
	chromedriver!(No symbol) [0x7ff6b996a0d1]
	chromedriver!(No symbol) [0x7ff6b9969383]
	chromedriver!(No symbol) [0x7ff6b98b60b5]
	chromedriver!GetHandleVerifier [0x7ff6b9e958f9+329d89]
	chromedriver!GetHandleVerifier [0x7ff6b9e8fe46+3242d6]
	chromedriver!GetHandleVerifier [0x7ff6b9eb30b2+347542]
	chromedriver!GetHandleVerifier [0x7ff6b9b9d3d5+31865]
	chromedriver!GetHandleVerifier [0x7ff6b9ba600c+3a49c]
	chromedriver!(No symbol) [0x7ff6b98b4e4a]
	chromedriver!GetHandleVerifier [0x7ff6b9ff20c8+486558]
	KERNEL32!BaseThreadInitThunk [0x7ffa4c3be8d7+17]
	ntdll!RtlUserThreadStart [0x7ffa4d38c48c+2c]
</msg>
</errors>
</robot>
